\BOOKMARK [1][-]{Doc-Start}{\376\377\000\326\000Z\000E\000T}{}% 1
\BOOKMARK [1][-]{Doc-Start}{\376\377\000A\000B\000S\000T\000R\000A\000C\000T}{}% 2
\BOOKMARK [1][-]{Doc-Start}{\376\377\000T\000E\001\136\000E\000K\000K\000\334\000R}{}% 3
\BOOKMARK [1][-]{section*.1}{\376\377\001\136\000E\000K\001\060\000L\000\040\000L\001\060\000S\000T\000E\000S\001\060}{}% 4
\BOOKMARK [1][-]{section.1}{\376\377\000G\001\060\000R\001\060\001\136}{}% 5
\BOOKMARK [1][-]{section.2}{\376\377\000M\000A\000T\000E\000R\000Y\000A\000L\000\040\000V\000E\000\040\000M\000E\000T\000O\000D\000L\000A\000R}{}% 6
\BOOKMARK [2][-]{subsection.2.1}{\376\377\000M\000A\000T\000L\000A\000B}{section.2}% 7
\BOOKMARK [2][-]{subsection.2.2}{\376\377\000V\000I\000S\000U\000A\000L\000\040\000S\000T\000U\000D\000I\000O}{section.2}% 8
\BOOKMARK [2][-]{subsection.2.3}{\376\377\000P\000O\000S\000T\000M\000A\000N}{section.2}% 9
\BOOKMARK [1][-]{section.3}{\376\377\000A\000S\000P\000.\000N\000E\000T\000\040\000W\000E\000B\000\040\000A\000P\000I\000\040\000N\000E\000D\001\060\000R\000?}{}% 10
\BOOKMARK [1][-]{section.4}{\376\377\000G\000\326\000R\000\334\000N\000T\000\334\000\040\001\060\001\136\000L\000E\000M\000E\000\040\000N\000E\000D\001\060\000R\000?}{}% 11
\BOOKMARK [2][-]{subsection.4.1}{\376\377\000\307\000A\000L\000I\001\136\000M\000A\000\040\000M\000A\000N\000T\000I\001\036\000I\000\040\000N\000E\000D\001\060\000R\000?}{section.4}% 12
\BOOKMARK [2][-]{subsection.4.2}{\376\377\000G\000\326\000R\000\334\000N\000T\000\334\000\040\001\060\001\136\000L\000E\000M\000E\000N\001\060\000N\000\040\000A\000M\000A\000C\000I\000\040\000N\000E\000D\001\060\000R\000?}{section.4}% 13
\BOOKMARK [2][-]{subsection.4.3}{\376\377\000G\000\326\000R\000\334\000N\000T\000\334\000\040\001\060\001\136\000L\000E\000M\000E\000\040\000T\000\334\000R\000L\000E\000R\001\060}{section.4}% 14
\BOOKMARK [2][-]{subsection.4.4}{\376\377\000G\000\326\000R\000\334\000N\000T\000\334\000\040\001\060\001\136\000L\000E\000M\000E\000\040\000T\000E\000K\000N\000O\000L\000O\000J\001\060\000S\001\060\000N\001\060\000N\000\040\000K\000U\000L\000L\000A\000N\000I\000L\000D\000I\001\036\000I\000\040\000A\000L\000A\000N\000L\000A\000R}{section.4}% 15
\BOOKMARK [1][-]{section.5}{\376\377\000W\000E\000B\000\040\000A\000P\000I\000\040\001\060\000L\000E\000\040\000G\000\326\000R\000\334\000N\000T\000\334\000\040\001\060\001\136\000L\000E\000M\000E\000\040\000U\000Y\000G\000U\000L\000A\000M\000A\000S\000I}{}% 16
\BOOKMARK [2][-]{subsection.5.1}{\376\377\000Y\000\334\000Z\000\040\000T\000A\000N\000I\000M\000A\000\040\000N\000E\000D\001\060\000R\000?}{section.5}% 17
\BOOKMARK [2][-]{subsection.5.2}{\376\377\000M\000A\000T\000L\000A\000B\000'\000D\000A\000\040\000D\000L\000L\000\040\000O\000L\000U\001\136\000T\000U\000R\000M\000A}{section.5}% 18
\BOOKMARK [2][-]{subsection.5.3}{\376\377\000V\000I\000S\000U\000A\000L\000\040\000S\000T\000U\000D\000I\000O\000'\000D\000A\000\040\000F\000I\000L\000E\000\040\000U\000P\000L\000O\000A\000D}{section.5}% 19
\BOOKMARK [2][-]{subsection.5.4}{\376\377\000V\000I\000S\000U\000A\000L\000\040\000S\000T\000U\000D\000I\000O\000'\000D\000A\000\040\000M\000A\000T\000L\000A\000B\000\040\000F\000O\000N\000K\000S\001\060\000Y\000O\000N\000L\000A\000R\000I\000N\000I\000\040\000\307\000A\000L\000I\001\136\000T\000I\000R\000M\000A}{section.5}% 20
\BOOKMARK [2][-]{subsection.5.5}{\376\377\000P\000O\000S\000T\000M\000A\000N\000'\000D\000E\000\040\000W\000E\000B\000\040\000A\000P\000I\000\040\000T\000E\000S\000T\001\060}{section.5}% 21
\BOOKMARK [1][-]{section.6}{\376\377\000S\000O\000N\000U\000\307\000L\000A\000R\000\040\000V\000E\000\040\000\326\000N\000E\000R\001\060\000L\000E\000R}{}% 22
\BOOKMARK [1][-]{section.7}{\376\377\000E\000K\000L\000E\000R}{}% 23
\BOOKMARK [2][-]{subsection.7.1}{\376\377\000M\000A\000T\000L\000A\000B\000\040\000K\000O\000D\000L\000A\000R\000I}{section.7}% 24
\BOOKMARK [2][-]{subsection.7.2}{\376\377\000V\000I\000S\000U\000A\000L\000\040\000S\000T\000U\000D\000I\000O\000\040\000K\000O\000D\000L\000A\000R\000I}{section.7}% 25
\BOOKMARK [3][-]{subsubsection.7.2.1}{\376\377\000H\000o\000m\000e\000C\000o\000n\000t\000r\000o\000l\000l\000e\000r\000.\000c\000s}{subsection.7.2}% 26
\BOOKMARK [3][-]{subsubsection.7.2.2}{\376\377\000I\000n\000d\000e\000x\000.\000c\000s\000h\000t\000m\000l}{subsection.7.2}% 27
\BOOKMARK [3][-]{subsubsection.7.2.3}{\376\377\000D\000e\000f\000a\000u\000l\000t\000C\000o\000n\000t\000r\000o\000l\000l\000e\000r\000.\000c\000s}{subsection.7.2}% 28
\BOOKMARK [1][-]{lstnumber.-3.48}{\376\377\000K\000A\000Y\000N\000A\000K\000L\000A\000R}{}% 29
\BOOKMARK [1][-]{section*.2}{\376\377\000\326\000Z\000G\000E\000\307\000M\001\060\001\136}{}% 30
